2024-05-04 14:30:00 - PHP Notice:  Undefined variable: text_information in C:\OSPanel\domains\opencart.loc\catalog\view\theme\apple\template\common\header.tpl on line 89
2024-05-04 14:30:00 - PHP Notice:  Undefined variable: informations in C:\OSPanel\domains\opencart.loc\catalog\view\theme\apple\template\common\header.tpl on line 93
2024-05-04 14:30:00 - PHP Notice:  Undefined variable: text_information in C:\OSPanel\domains\opencart.loc\catalog\view\theme\apple\template\common\header.tpl on line 89
2024-05-04 14:30:00 - PHP Notice:  Undefined variable: informations in C:\OSPanel\domains\opencart.loc\catalog\view\theme\apple\template\common\header.tpl on line 93
2024-05-04 14:30:00 - PHP Notice:  Undefined variable: text_information in C:\OSPanel\domains\opencart.loc\catalog\view\theme\apple\template\common\header.tpl on line 89
2024-05-04 14:30:00 - PHP Notice:  Undefined variable: informations in C:\OSPanel\domains\opencart.loc\catalog\view\theme\apple\template\common\header.tpl on line 93
2024-05-04 14:30:03 - PHP Notice:  Undefined variable: text_information in C:\OSPanel\domains\opencart.loc\catalog\view\theme\apple\template\common\header.tpl on line 89
2024-05-04 14:30:03 - PHP Notice:  Undefined variable: informations in C:\OSPanel\domains\opencart.loc\catalog\view\theme\apple\template\common\header.tpl on line 93
2024-05-04 14:30:03 - PHP Notice:  Undefined variable: text_information in C:\OSPanel\domains\opencart.loc\catalog\view\theme\apple\template\common\header.tpl on line 89
2024-05-04 14:30:03 - PHP Notice:  Undefined variable: informations in C:\OSPanel\domains\opencart.loc\catalog\view\theme\apple\template\common\header.tpl on line 93
2024-05-04 14:30:03 - PHP Notice:  Undefined variable: text_information in C:\OSPanel\domains\opencart.loc\catalog\view\theme\apple\template\common\header.tpl on line 89
2024-05-04 14:30:03 - PHP Notice:  Undefined variable: informations in C:\OSPanel\domains\opencart.loc\catalog\view\theme\apple\template\common\header.tpl on line 93
2024-05-04 14:30:12 - PHP Notice:  Undefined variable: text_information in C:\OSPanel\domains\opencart.loc\catalog\view\theme\apple\template\common\header.tpl on line 89
2024-05-04 14:30:12 - PHP Notice:  Undefined variable: informations in C:\OSPanel\domains\opencart.loc\catalog\view\theme\apple\template\common\header.tpl on line 93
2024-05-04 14:30:12 - PHP Notice:  Undefined variable: text_information in C:\OSPanel\domains\opencart.loc\catalog\view\theme\apple\template\common\header.tpl on line 89
2024-05-04 14:30:12 - PHP Notice:  Undefined variable: informations in C:\OSPanel\domains\opencart.loc\catalog\view\theme\apple\template\common\header.tpl on line 93
2024-05-04 14:30:12 - PHP Notice:  Undefined variable: text_information in C:\OSPanel\domains\opencart.loc\catalog\view\theme\apple\template\common\header.tpl on line 89
2024-05-04 14:30:12 - PHP Notice:  Undefined variable: informations in C:\OSPanel\domains\opencart.loc\catalog\view\theme\apple\template\common\header.tpl on line 93
2024-05-04 16:01:30 - PHP Notice:  Undefined variable: text_information in C:\OSPanel\domains\opencart.loc\catalog\view\theme\apple\template\common\header.tpl on line 89
2024-05-04 16:01:30 - PHP Notice:  Undefined variable: informations in C:\OSPanel\domains\opencart.loc\catalog\view\theme\apple\template\common\header.tpl on line 93
2024-05-12 14:57:24 - PHP Notice:  Undefined variable: text_information in C:\OSPanel\domains\opencart.loc\catalog\view\theme\apple\template\common\header.tpl on line 89
2024-05-12 14:57:24 - PHP Notice:  Undefined variable: informations in C:\OSPanel\domains\opencart.loc\catalog\view\theme\apple\template\common\header.tpl on line 93
2024-05-12 14:57:24 - PHP Notice:  Undefined variable: text_information in C:\OSPanel\domains\opencart.loc\catalog\view\theme\apple\template\common\header.tpl on line 89
2024-05-12 14:57:24 - PHP Notice:  Undefined variable: informations in C:\OSPanel\domains\opencart.loc\catalog\view\theme\apple\template\common\header.tpl on line 93
2024-05-12 16:15:24 - PHP Notice:  Undefined variable: text_information in C:\OSPanel\domains\opencart.loc\catalog\view\theme\apple\template\common\header.tpl on line 83
2024-05-12 16:15:24 - PHP Notice:  Undefined variable: informations in C:\OSPanel\domains\opencart.loc\catalog\view\theme\apple\template\common\header.tpl on line 87
2024-05-12 16:15:24 - PHP Notice:  Undefined variable: text_information in C:\OSPanel\domains\opencart.loc\catalog\view\theme\apple\template\common\header.tpl on line 83
2024-05-12 16:15:24 - PHP Notice:  Undefined variable: informations in C:\OSPanel\domains\opencart.loc\catalog\view\theme\apple\template\common\header.tpl on line 87
2024-05-12 16:16:59 - PHP Notice:  Undefined variable: text_information in C:\OSPanel\domains\opencart.loc\catalog\view\theme\apple\template\common\header.tpl on line 83
2024-05-12 16:16:59 - PHP Notice:  Undefined variable: informations in C:\OSPanel\domains\opencart.loc\catalog\view\theme\apple\template\common\header.tpl on line 87
2024-05-12 16:16:59 - PHP Notice:  Undefined variable: text_information in C:\OSPanel\domains\opencart.loc\catalog\view\theme\apple\template\common\header.tpl on line 83
2024-05-12 16:16:59 - PHP Notice:  Undefined variable: informations in C:\OSPanel\domains\opencart.loc\catalog\view\theme\apple\template\common\header.tpl on line 87
2024-05-12 16:17:20 - PHP Notice:  Undefined variable: text_information in C:\OSPanel\domains\opencart.loc\catalog\view\theme\apple\template\common\header.tpl on line 89
2024-05-12 16:17:20 - PHP Notice:  Undefined variable: informations in C:\OSPanel\domains\opencart.loc\catalog\view\theme\apple\template\common\header.tpl on line 93
2024-05-12 16:17:20 - PHP Notice:  Undefined variable: text_information in C:\OSPanel\domains\opencart.loc\catalog\view\theme\apple\template\common\header.tpl on line 89
2024-05-12 16:17:20 - PHP Notice:  Undefined variable: informations in C:\OSPanel\domains\opencart.loc\catalog\view\theme\apple\template\common\header.tpl on line 93
2024-05-12 16:55:03 - PHP Notice:  Undefined variable: text_information in C:\OSPanel\domains\opencart.loc\catalog\view\theme\apple\template\common\header.tpl on line 83
2024-05-12 16:55:03 - PHP Notice:  Undefined variable: informations in C:\OSPanel\domains\opencart.loc\catalog\view\theme\apple\template\common\header.tpl on line 88
2024-05-26 14:50:09 - PHP Notice:  Undefined variable: text_information in C:\OSPanel\domains\opencart.loc\catalog\view\theme\apple\template\common\header.tpl on line 92
2024-05-26 14:50:09 - PHP Notice:  Undefined variable: informations in C:\OSPanel\domains\opencart.loc\catalog\view\theme\apple\template\common\header.tpl on line 96
2024-05-26 14:50:09 - PHP Notice:  Undefined variable: text_information in C:\OSPanel\domains\opencart.loc\catalog\view\theme\apple\template\common\header.tpl on line 92
2024-05-26 14:50:09 - PHP Notice:  Undefined variable: informations in C:\OSPanel\domains\opencart.loc\catalog\view\theme\apple\template\common\header.tpl on line 96
2024-05-26 15:02:01 - PHP Notice:  Undefined variable: text_information in C:\OSPanel\domains\opencart.loc\catalog\view\theme\apple\template\common\header.tpl on line 92
2024-05-26 15:02:01 - PHP Notice:  Undefined variable: informations in C:\OSPanel\domains\opencart.loc\catalog\view\theme\apple\template\common\header.tpl on line 96
2024-05-26 15:02:03 - PHP Notice:  Undefined variable: text_information in C:\OSPanel\domains\opencart.loc\catalog\view\theme\apple\template\common\header.tpl on line 92
2024-05-26 15:02:03 - PHP Notice:  Undefined variable: informations in C:\OSPanel\domains\opencart.loc\catalog\view\theme\apple\template\common\header.tpl on line 96
2024-05-26 15:04:07 - PHP Notice:  Undefined variable: text_information in C:\OSPanel\domains\opencart.loc\catalog\view\theme\apple\template\common\header.tpl on line 92
2024-05-26 15:04:07 - PHP Notice:  Undefined variable: informations in C:\OSPanel\domains\opencart.loc\catalog\view\theme\apple\template\common\header.tpl on line 96
2024-05-26 15:04:27 - PHP Notice:  Undefined variable: text_information in C:\OSPanel\domains\opencart.loc\catalog\view\theme\apple\template\common\header.tpl on line 92
2024-05-26 15:04:27 - PHP Notice:  Undefined variable: informations in C:\OSPanel\domains\opencart.loc\catalog\view\theme\apple\template\common\header.tpl on line 96
2024-05-27 15:08:04 - PHP Notice:  Undefined variable: text_information in C:\OSPanel\domains\opencart.loc\catalog\view\theme\apple\template\common\header.tpl on line 92
2024-05-27 15:08:04 - PHP Notice:  Undefined variable: informations in C:\OSPanel\domains\opencart.loc\catalog\view\theme\apple\template\common\header.tpl on line 96
2024-05-28 17:33:38 - PHP Notice:  Undefined variable: text_information in C:\OSPanel\domains\opencart.loc\catalog\view\theme\apple\template\common\header.tpl on line 92
2024-05-28 17:33:38 - PHP Notice:  Undefined variable: informations in C:\OSPanel\domains\opencart.loc\catalog\view\theme\apple\template\common\header.tpl on line 96
2024-05-28 17:34:29 - PHP Notice:  Undefined variable: text_information in C:\OSPanel\domains\opencart.loc\catalog\view\theme\apple\template\common\header.tpl on line 92
2024-05-28 17:34:29 - PHP Notice:  Undefined variable: informations in C:\OSPanel\domains\opencart.loc\catalog\view\theme\apple\template\common\header.tpl on line 96
2024-05-28 17:34:30 - PHP Notice:  Undefined variable: text_information in C:\OSPanel\domains\opencart.loc\catalog\view\theme\apple\template\common\header.tpl on line 92
2024-05-28 17:34:30 - PHP Notice:  Undefined variable: informations in C:\OSPanel\domains\opencart.loc\catalog\view\theme\apple\template\common\header.tpl on line 96
2024-05-28 17:34:31 - PHP Notice:  Undefined variable: text_information in C:\OSPanel\domains\opencart.loc\catalog\view\theme\apple\template\common\header.tpl on line 92
2024-05-28 17:34:31 - PHP Notice:  Undefined variable: informations in C:\OSPanel\domains\opencart.loc\catalog\view\theme\apple\template\common\header.tpl on line 96
2024-05-28 17:34:32 - PHP Notice:  Undefined variable: text_information in C:\OSPanel\domains\opencart.loc\catalog\view\theme\apple\template\common\header.tpl on line 92
2024-05-28 17:34:32 - PHP Notice:  Undefined variable: informations in C:\OSPanel\domains\opencart.loc\catalog\view\theme\apple\template\common\header.tpl on line 96
2024-05-28 17:34:34 - PHP Notice:  Undefined variable: text_information in C:\OSPanel\domains\opencart.loc\catalog\view\theme\apple\template\common\header.tpl on line 92
2024-05-28 17:34:34 - PHP Notice:  Undefined variable: informations in C:\OSPanel\domains\opencart.loc\catalog\view\theme\apple\template\common\header.tpl on line 96
2024-05-28 17:35:51 - PHP Notice:  Undefined variable: text_information in C:\OSPanel\domains\opencart.loc\catalog\view\theme\apple\template\common\header.tpl on line 92
2024-05-28 17:35:51 - PHP Notice:  Undefined variable: informations in C:\OSPanel\domains\opencart.loc\catalog\view\theme\apple\template\common\header.tpl on line 96
2024-05-28 17:36:08 - PHP Notice:  Undefined variable: text_information in C:\OSPanel\domains\opencart.loc\catalog\view\theme\apple\template\common\header.tpl on line 92
2024-05-28 17:36:08 - PHP Notice:  Undefined variable: informations in C:\OSPanel\domains\opencart.loc\catalog\view\theme\apple\template\common\header.tpl on line 96
2024-05-28 17:36:13 - PHP Notice:  Undefined variable: text_information in C:\OSPanel\domains\opencart.loc\catalog\view\theme\apple\template\common\header.tpl on line 92
2024-05-28 17:36:13 - PHP Notice:  Undefined variable: informations in C:\OSPanel\domains\opencart.loc\catalog\view\theme\apple\template\common\header.tpl on line 96
2024-05-28 17:37:20 - PHP Notice:  Undefined variable: text_information in C:\OSPanel\domains\opencart.loc\catalog\view\theme\apple\template\common\header.tpl on line 92
2024-05-28 17:37:20 - PHP Notice:  Undefined variable: informations in C:\OSPanel\domains\opencart.loc\catalog\view\theme\apple\template\common\header.tpl on line 96
2024-05-28 17:38:29 - PHP Notice:  Undefined variable: text_information in C:\OSPanel\domains\opencart.loc\catalog\view\theme\apple\template\common\header.tpl on line 92
2024-05-28 17:38:29 - PHP Notice:  Undefined variable: informations in C:\OSPanel\domains\opencart.loc\catalog\view\theme\apple\template\common\header.tpl on line 96
2024-05-28 17:42:23 - PHP Notice:  Undefined variable: logo in C:\OSPanel\domains\opencart.loc\catalog\view\theme\apple\template\common\footer.tpl on line 54
2024-05-28 17:42:23 - PHP Notice:  Undefined variable: text_information in C:\OSPanel\domains\opencart.loc\catalog\view\theme\apple\template\common\header.tpl on line 92
2024-05-28 17:42:23 - PHP Notice:  Undefined variable: informations in C:\OSPanel\domains\opencart.loc\catalog\view\theme\apple\template\common\header.tpl on line 96
2024-05-28 17:43:25 - PHP Notice:  Undefined variable: logo in C:\OSPanel\domains\opencart.loc\catalog\view\theme\apple\template\common\footer.tpl on line 54
2024-05-28 17:43:25 - PHP Notice:  Undefined variable: text_information in C:\OSPanel\domains\opencart.loc\catalog\view\theme\apple\template\common\header.tpl on line 92
2024-05-28 17:43:25 - PHP Notice:  Undefined variable: informations in C:\OSPanel\domains\opencart.loc\catalog\view\theme\apple\template\common\header.tpl on line 96
2024-05-28 17:44:04 - PHP Notice:  Undefined variable: logo in C:\OSPanel\domains\opencart.loc\catalog\view\theme\apple\template\common\footer.tpl on line 54
2024-05-28 17:44:04 - PHP Notice:  Undefined variable: text_information in C:\OSPanel\domains\opencart.loc\catalog\view\theme\apple\template\common\header.tpl on line 92
2024-05-28 17:44:04 - PHP Notice:  Undefined variable: informations in C:\OSPanel\domains\opencart.loc\catalog\view\theme\apple\template\common\header.tpl on line 96
2024-05-28 17:44:17 - PHP Notice:  Undefined variable: logo in C:\OSPanel\domains\opencart.loc\catalog\view\theme\apple\template\common\footer.tpl on line 54
2024-05-28 17:44:17 - PHP Notice:  Undefined variable: text_information in C:\OSPanel\domains\opencart.loc\catalog\view\theme\apple\template\common\header.tpl on line 92
2024-05-28 17:44:17 - PHP Notice:  Undefined variable: informations in C:\OSPanel\domains\opencart.loc\catalog\view\theme\apple\template\common\header.tpl on line 96
2024-05-28 17:44:26 - PHP Notice:  Undefined variable: logo in C:\OSPanel\domains\opencart.loc\catalog\view\theme\apple\template\common\footer.tpl on line 54
2024-05-28 17:44:26 - PHP Notice:  Undefined variable: text_information in C:\OSPanel\domains\opencart.loc\catalog\view\theme\apple\template\common\header.tpl on line 92
2024-05-28 17:44:26 - PHP Notice:  Undefined variable: informations in C:\OSPanel\domains\opencart.loc\catalog\view\theme\apple\template\common\header.tpl on line 96
2024-05-28 17:44:53 - PHP Notice:  Undefined variable: logo in C:\OSPanel\domains\opencart.loc\catalog\view\theme\apple\template\common\footer.tpl on line 54
2024-05-28 17:44:53 - PHP Notice:  Undefined variable: text_information in C:\OSPanel\domains\opencart.loc\catalog\view\theme\apple\template\common\header.tpl on line 92
2024-05-28 17:44:53 - PHP Notice:  Undefined variable: informations in C:\OSPanel\domains\opencart.loc\catalog\view\theme\apple\template\common\header.tpl on line 96
2024-05-28 17:44:55 - PHP Notice:  Undefined variable: logo in C:\OSPanel\domains\opencart.loc\catalog\view\theme\apple\template\common\footer.tpl on line 54
2024-05-28 17:44:55 - PHP Notice:  Undefined variable: text_information in C:\OSPanel\domains\opencart.loc\catalog\view\theme\apple\template\common\header.tpl on line 92
2024-05-28 17:44:55 - PHP Notice:  Undefined variable: informations in C:\OSPanel\domains\opencart.loc\catalog\view\theme\apple\template\common\header.tpl on line 96
2024-05-28 17:46:37 - PHP Notice:  Undefined variable: logo in C:\OSPanel\domains\opencart.loc\catalog\view\theme\apple\template\common\footer.tpl on line 54
2024-05-28 17:46:37 - PHP Notice:  Undefined variable: text_information in C:\OSPanel\domains\opencart.loc\catalog\view\theme\apple\template\common\header.tpl on line 92
2024-05-28 17:46:37 - PHP Notice:  Undefined variable: informations in C:\OSPanel\domains\opencart.loc\catalog\view\theme\apple\template\common\header.tpl on line 96
2024-05-28 17:46:55 - PHP Notice:  Undefined variable: logo in C:\OSPanel\domains\opencart.loc\catalog\view\theme\apple\template\common\footer.tpl on line 54
2024-05-28 17:46:55 - PHP Notice:  Undefined variable: text_information in C:\OSPanel\domains\opencart.loc\catalog\view\theme\apple\template\common\header.tpl on line 92
2024-05-28 17:46:55 - PHP Notice:  Undefined variable: informations in C:\OSPanel\domains\opencart.loc\catalog\view\theme\apple\template\common\header.tpl on line 96
2024-05-28 17:47:09 - PHP Notice:  Undefined variable: logo in C:\OSPanel\domains\opencart.loc\catalog\view\theme\apple\template\common\footer.tpl on line 54
2024-05-28 17:47:09 - PHP Notice:  Undefined variable: text_information in C:\OSPanel\domains\opencart.loc\catalog\view\theme\apple\template\common\header.tpl on line 92
2024-05-28 17:47:09 - PHP Notice:  Undefined variable: informations in C:\OSPanel\domains\opencart.loc\catalog\view\theme\apple\template\common\header.tpl on line 96
2024-05-28 17:47:18 - PHP Notice:  Undefined variable: logo in C:\OSPanel\domains\opencart.loc\catalog\view\theme\apple\template\common\footer.tpl on line 54
2024-05-28 17:47:18 - PHP Notice:  Undefined variable: text_information in C:\OSPanel\domains\opencart.loc\catalog\view\theme\apple\template\common\header.tpl on line 92
2024-05-28 17:47:18 - PHP Notice:  Undefined variable: informations in C:\OSPanel\domains\opencart.loc\catalog\view\theme\apple\template\common\header.tpl on line 96
2024-05-28 17:48:43 - PHP Notice:  Undefined variable: logo in C:\OSPanel\domains\opencart.loc\catalog\view\theme\apple\template\common\footer.tpl on line 54
2024-05-28 17:48:43 - PHP Notice:  Undefined variable: text_information in C:\OSPanel\domains\opencart.loc\catalog\view\theme\apple\template\common\header.tpl on line 92
2024-05-28 17:48:43 - PHP Notice:  Undefined variable: informations in C:\OSPanel\domains\opencart.loc\catalog\view\theme\apple\template\common\header.tpl on line 96
2024-05-28 17:49:17 - PHP Notice:  Undefined variable: logo in C:\OSPanel\domains\opencart.loc\catalog\view\theme\apple\template\common\footer.tpl on line 54
2024-05-28 17:49:17 - PHP Notice:  Undefined variable: text_information in C:\OSPanel\domains\opencart.loc\catalog\view\theme\apple\template\common\header.tpl on line 92
2024-05-28 17:49:17 - PHP Notice:  Undefined variable: informations in C:\OSPanel\domains\opencart.loc\catalog\view\theme\apple\template\common\header.tpl on line 96
2024-05-28 17:49:31 - PHP Notice:  Undefined variable: logo in C:\OSPanel\domains\opencart.loc\catalog\view\theme\apple\template\common\footer.tpl on line 54
2024-05-28 17:49:31 - PHP Notice:  Undefined variable: text_information in C:\OSPanel\domains\opencart.loc\catalog\view\theme\apple\template\common\header.tpl on line 92
2024-05-28 17:49:31 - PHP Notice:  Undefined variable: informations in C:\OSPanel\domains\opencart.loc\catalog\view\theme\apple\template\common\header.tpl on line 96
2024-05-28 17:49:59 - PHP Notice:  Undefined variable: logo in C:\OSPanel\domains\opencart.loc\catalog\view\theme\apple\template\common\footer.tpl on line 54
2024-05-28 17:49:59 - PHP Notice:  Undefined variable: text_information in C:\OSPanel\domains\opencart.loc\catalog\view\theme\apple\template\common\header.tpl on line 92
2024-05-28 17:49:59 - PHP Notice:  Undefined variable: informations in C:\OSPanel\domains\opencart.loc\catalog\view\theme\apple\template\common\header.tpl on line 96
2024-05-28 17:50:59 - PHP Notice:  Undefined variable: logo in C:\OSPanel\domains\opencart.loc\catalog\view\theme\apple\template\common\footer.tpl on line 54
2024-05-28 17:50:59 - PHP Notice:  Undefined variable: text_information in C:\OSPanel\domains\opencart.loc\catalog\view\theme\apple\template\common\header.tpl on line 92
2024-05-28 17:50:59 - PHP Notice:  Undefined variable: informations in C:\OSPanel\domains\opencart.loc\catalog\view\theme\apple\template\common\header.tpl on line 96
2024-05-28 17:51:23 - PHP Notice:  Undefined variable: logo in C:\OSPanel\domains\opencart.loc\catalog\view\theme\apple\template\common\footer.tpl on line 54
2024-05-28 17:51:23 - PHP Notice:  Undefined variable: text_information in C:\OSPanel\domains\opencart.loc\catalog\view\theme\apple\template\common\header.tpl on line 92
2024-05-28 17:51:23 - PHP Notice:  Undefined variable: informations in C:\OSPanel\domains\opencart.loc\catalog\view\theme\apple\template\common\header.tpl on line 96
2024-05-28 17:51:35 - PHP Notice:  Undefined variable: logo in C:\OSPanel\domains\opencart.loc\catalog\view\theme\apple\template\common\footer.tpl on line 54
2024-05-28 17:51:35 - PHP Notice:  Undefined variable: text_information in C:\OSPanel\domains\opencart.loc\catalog\view\theme\apple\template\common\header.tpl on line 92
2024-05-28 17:51:35 - PHP Notice:  Undefined variable: informations in C:\OSPanel\domains\opencart.loc\catalog\view\theme\apple\template\common\header.tpl on line 96
2024-05-28 17:51:49 - PHP Notice:  Undefined variable: logo in C:\OSPanel\domains\opencart.loc\catalog\view\theme\apple\template\common\footer.tpl on line 54
2024-05-28 17:51:49 - PHP Notice:  Undefined variable: text_information in C:\OSPanel\domains\opencart.loc\catalog\view\theme\apple\template\common\header.tpl on line 92
2024-05-28 17:51:49 - PHP Notice:  Undefined variable: informations in C:\OSPanel\domains\opencart.loc\catalog\view\theme\apple\template\common\header.tpl on line 96
2024-05-28 17:51:59 - PHP Notice:  Undefined variable: logo in C:\OSPanel\domains\opencart.loc\catalog\view\theme\apple\template\common\footer.tpl on line 54
2024-05-28 17:51:59 - PHP Notice:  Undefined variable: text_information in C:\OSPanel\domains\opencart.loc\catalog\view\theme\apple\template\common\header.tpl on line 92
2024-05-28 17:51:59 - PHP Notice:  Undefined variable: informations in C:\OSPanel\domains\opencart.loc\catalog\view\theme\apple\template\common\header.tpl on line 96
2024-05-28 17:52:05 - PHP Notice:  Undefined variable: logo in C:\OSPanel\domains\opencart.loc\catalog\view\theme\apple\template\common\footer.tpl on line 54
2024-05-28 17:52:05 - PHP Notice:  Undefined variable: text_information in C:\OSPanel\domains\opencart.loc\catalog\view\theme\apple\template\common\header.tpl on line 92
2024-05-28 17:52:05 - PHP Notice:  Undefined variable: informations in C:\OSPanel\domains\opencart.loc\catalog\view\theme\apple\template\common\header.tpl on line 96
2024-05-28 17:52:22 - PHP Notice:  Undefined variable: logo in C:\OSPanel\domains\opencart.loc\catalog\view\theme\apple\template\common\footer.tpl on line 54
2024-05-28 17:52:22 - PHP Notice:  Undefined variable: text_information in C:\OSPanel\domains\opencart.loc\catalog\view\theme\apple\template\common\header.tpl on line 92
2024-05-28 17:52:22 - PHP Notice:  Undefined variable: informations in C:\OSPanel\domains\opencart.loc\catalog\view\theme\apple\template\common\header.tpl on line 96
2024-05-28 17:52:34 - PHP Notice:  Undefined variable: logo in C:\OSPanel\domains\opencart.loc\catalog\view\theme\apple\template\common\footer.tpl on line 54
2024-05-28 17:52:34 - PHP Notice:  Undefined variable: text_information in C:\OSPanel\domains\opencart.loc\catalog\view\theme\apple\template\common\header.tpl on line 92
2024-05-28 17:52:34 - PHP Notice:  Undefined variable: informations in C:\OSPanel\domains\opencart.loc\catalog\view\theme\apple\template\common\header.tpl on line 96
2024-05-28 17:54:07 - PHP Notice:  Undefined variable: logo in C:\OSPanel\domains\opencart.loc\catalog\view\theme\apple\template\common\footer.tpl on line 54
2024-05-28 17:54:07 - PHP Notice:  Undefined variable: text_information in C:\OSPanel\domains\opencart.loc\catalog\view\theme\apple\template\common\header.tpl on line 92
2024-05-28 17:54:07 - PHP Notice:  Undefined variable: informations in C:\OSPanel\domains\opencart.loc\catalog\view\theme\apple\template\common\header.tpl on line 96
2024-05-28 17:54:57 - PHP Notice:  Undefined variable: logo in C:\OSPanel\domains\opencart.loc\catalog\view\theme\apple\template\common\footer.tpl on line 54
2024-05-28 17:54:57 - PHP Notice:  Undefined variable: text_information in C:\OSPanel\domains\opencart.loc\catalog\view\theme\apple\template\common\header.tpl on line 92
2024-05-28 17:54:57 - PHP Notice:  Undefined variable: informations in C:\OSPanel\domains\opencart.loc\catalog\view\theme\apple\template\common\header.tpl on line 96
2024-05-28 17:55:12 - PHP Notice:  Undefined variable: logo in C:\OSPanel\domains\opencart.loc\catalog\view\theme\apple\template\common\footer.tpl on line 54
2024-05-28 17:55:12 - PHP Notice:  Undefined variable: text_information in C:\OSPanel\domains\opencart.loc\catalog\view\theme\apple\template\common\header.tpl on line 92
2024-05-28 17:55:12 - PHP Notice:  Undefined variable: informations in C:\OSPanel\domains\opencart.loc\catalog\view\theme\apple\template\common\header.tpl on line 96
2024-05-28 17:55:25 - PHP Notice:  Undefined variable: logo in C:\OSPanel\domains\opencart.loc\catalog\view\theme\apple\template\common\footer.tpl on line 54
2024-05-28 17:55:25 - PHP Notice:  Undefined variable: text_information in C:\OSPanel\domains\opencart.loc\catalog\view\theme\apple\template\common\header.tpl on line 92
2024-05-28 17:55:25 - PHP Notice:  Undefined variable: informations in C:\OSPanel\domains\opencart.loc\catalog\view\theme\apple\template\common\header.tpl on line 96
2024-05-28 17:55:28 - PHP Notice:  Undefined variable: logo in C:\OSPanel\domains\opencart.loc\catalog\view\theme\apple\template\common\footer.tpl on line 54
2024-05-28 17:55:28 - PHP Notice:  Undefined variable: text_information in C:\OSPanel\domains\opencart.loc\catalog\view\theme\apple\template\common\header.tpl on line 92
2024-05-28 17:55:28 - PHP Notice:  Undefined variable: informations in C:\OSPanel\domains\opencart.loc\catalog\view\theme\apple\template\common\header.tpl on line 96
2024-05-28 17:55:46 - PHP Notice:  Undefined variable: logo in C:\OSPanel\domains\opencart.loc\catalog\view\theme\apple\template\common\footer.tpl on line 54
2024-05-28 17:55:46 - PHP Notice:  Undefined variable: text_information in C:\OSPanel\domains\opencart.loc\catalog\view\theme\apple\template\common\header.tpl on line 92
2024-05-28 17:55:46 - PHP Notice:  Undefined variable: informations in C:\OSPanel\domains\opencart.loc\catalog\view\theme\apple\template\common\header.tpl on line 96
2024-05-28 17:56:44 - PHP Notice:  Undefined variable: logo in C:\OSPanel\domains\opencart.loc\catalog\view\theme\apple\template\common\footer.tpl on line 54
2024-05-28 17:56:44 - PHP Notice:  Undefined variable: text_information in C:\OSPanel\domains\opencart.loc\catalog\view\theme\apple\template\common\header.tpl on line 92
2024-05-28 17:56:44 - PHP Notice:  Undefined variable: informations in C:\OSPanel\domains\opencart.loc\catalog\view\theme\apple\template\common\header.tpl on line 96
2024-05-28 17:58:35 - PHP Notice:  Undefined variable: logo in C:\OSPanel\domains\opencart.loc\catalog\view\theme\apple\template\common\footer.tpl on line 54
2024-05-28 17:58:35 - PHP Notice:  Undefined variable: text_information in C:\OSPanel\domains\opencart.loc\catalog\view\theme\apple\template\common\header.tpl on line 92
2024-05-28 17:58:35 - PHP Notice:  Undefined variable: informations in C:\OSPanel\domains\opencart.loc\catalog\view\theme\apple\template\common\header.tpl on line 96
2024-05-28 17:58:57 - PHP Notice:  Undefined variable: logo in C:\OSPanel\domains\opencart.loc\catalog\view\theme\apple\template\common\footer.tpl on line 54
2024-05-28 17:58:57 - PHP Notice:  Undefined variable: text_information in C:\OSPanel\domains\opencart.loc\catalog\view\theme\apple\template\common\header.tpl on line 92
2024-05-28 17:58:57 - PHP Notice:  Undefined variable: informations in C:\OSPanel\domains\opencart.loc\catalog\view\theme\apple\template\common\header.tpl on line 96
2024-05-28 17:59:52 - PHP Notice:  Undefined variable: logo in C:\OSPanel\domains\opencart.loc\catalog\view\theme\apple\template\common\footer.tpl on line 54
2024-05-28 17:59:52 - PHP Notice:  Undefined variable: text_information in C:\OSPanel\domains\opencart.loc\catalog\view\theme\apple\template\common\header.tpl on line 92
2024-05-28 17:59:52 - PHP Notice:  Undefined variable: informations in C:\OSPanel\domains\opencart.loc\catalog\view\theme\apple\template\common\header.tpl on line 96
2024-05-28 18:00:14 - PHP Notice:  Undefined variable: logo in C:\OSPanel\domains\opencart.loc\catalog\view\theme\apple\template\common\footer.tpl on line 54
2024-05-28 18:00:14 - PHP Notice:  Undefined variable: text_information in C:\OSPanel\domains\opencart.loc\catalog\view\theme\apple\template\common\header.tpl on line 92
2024-05-28 18:00:14 - PHP Notice:  Undefined variable: informations in C:\OSPanel\domains\opencart.loc\catalog\view\theme\apple\template\common\header.tpl on line 96
2024-05-28 18:03:15 - PHP Notice:  Undefined variable: logo in C:\OSPanel\domains\opencart.loc\catalog\view\theme\apple\template\common\footer.tpl on line 54
2024-05-28 18:03:15 - PHP Notice:  Undefined variable: text_information in C:\OSPanel\domains\opencart.loc\catalog\view\theme\apple\template\common\header.tpl on line 92
2024-05-28 18:03:15 - PHP Notice:  Undefined variable: informations in C:\OSPanel\domains\opencart.loc\catalog\view\theme\apple\template\common\header.tpl on line 96
2024-05-28 18:03:36 - PHP Notice:  Undefined variable: logo in C:\OSPanel\domains\opencart.loc\catalog\view\theme\apple\template\common\footer.tpl on line 54
2024-05-28 18:03:36 - PHP Notice:  Undefined variable: text_information in C:\OSPanel\domains\opencart.loc\catalog\view\theme\apple\template\common\header.tpl on line 92
2024-05-28 18:03:36 - PHP Notice:  Undefined variable: informations in C:\OSPanel\domains\opencart.loc\catalog\view\theme\apple\template\common\header.tpl on line 96
2024-05-28 18:03:45 - PHP Notice:  Undefined variable: logo in C:\OSPanel\domains\opencart.loc\catalog\view\theme\apple\template\common\footer.tpl on line 54
2024-05-28 18:03:45 - PHP Notice:  Undefined variable: text_information in C:\OSPanel\domains\opencart.loc\catalog\view\theme\apple\template\common\header.tpl on line 92
2024-05-28 18:03:45 - PHP Notice:  Undefined variable: informations in C:\OSPanel\domains\opencart.loc\catalog\view\theme\apple\template\common\header.tpl on line 96
2024-05-28 18:05:25 - PHP Notice:  Undefined variable: logo in C:\OSPanel\domains\opencart.loc\catalog\view\theme\apple\template\common\footer.tpl on line 54
2024-05-28 18:05:25 - PHP Notice:  Undefined variable: text_information in C:\OSPanel\domains\opencart.loc\catalog\view\theme\apple\template\common\header.tpl on line 92
2024-05-28 18:05:25 - PHP Notice:  Undefined variable: informations in C:\OSPanel\domains\opencart.loc\catalog\view\theme\apple\template\common\header.tpl on line 96
2024-05-28 18:05:28 - PHP Notice:  Undefined variable: logo in C:\OSPanel\domains\opencart.loc\catalog\view\theme\apple\template\common\footer.tpl on line 54
2024-05-28 18:05:28 - PHP Notice:  Undefined variable: text_information in C:\OSPanel\domains\opencart.loc\catalog\view\theme\apple\template\common\header.tpl on line 92
2024-05-28 18:05:28 - PHP Notice:  Undefined variable: informations in C:\OSPanel\domains\opencart.loc\catalog\view\theme\apple\template\common\header.tpl on line 96
2024-05-28 18:05:42 - PHP Notice:  Undefined variable: logo in C:\OSPanel\domains\opencart.loc\catalog\view\theme\apple\template\common\footer.tpl on line 54
2024-05-28 18:05:42 - PHP Notice:  Undefined variable: text_information in C:\OSPanel\domains\opencart.loc\catalog\view\theme\apple\template\common\header.tpl on line 92
2024-05-28 18:05:42 - PHP Notice:  Undefined variable: informations in C:\OSPanel\domains\opencart.loc\catalog\view\theme\apple\template\common\header.tpl on line 96
2024-05-28 18:07:44 - PHP Notice:  Undefined variable: logo in C:\OSPanel\domains\opencart.loc\catalog\view\theme\apple\template\common\footer.tpl on line 54
2024-05-28 18:07:44 - PHP Notice:  Undefined variable: text_information in C:\OSPanel\domains\opencart.loc\catalog\view\theme\apple\template\common\header.tpl on line 92
2024-05-28 18:07:44 - PHP Notice:  Undefined variable: informations in C:\OSPanel\domains\opencart.loc\catalog\view\theme\apple\template\common\header.tpl on line 96
2024-05-28 18:08:34 - PHP Notice:  Undefined variable: logo in C:\OSPanel\domains\opencart.loc\catalog\view\theme\apple\template\common\footer.tpl on line 54
2024-05-28 18:08:34 - PHP Notice:  Undefined variable: text_information in C:\OSPanel\domains\opencart.loc\catalog\view\theme\apple\template\common\header.tpl on line 92
2024-05-28 18:08:34 - PHP Notice:  Undefined variable: informations in C:\OSPanel\domains\opencart.loc\catalog\view\theme\apple\template\common\header.tpl on line 96
2024-05-28 18:10:16 - PHP Notice:  Undefined variable: logo in C:\OSPanel\domains\opencart.loc\catalog\view\theme\apple\template\common\footer.tpl on line 54
2024-05-28 18:10:16 - PHP Notice:  Undefined variable: text_information in C:\OSPanel\domains\opencart.loc\catalog\view\theme\apple\template\common\header.tpl on line 92
2024-05-28 18:10:16 - PHP Notice:  Undefined variable: informations in C:\OSPanel\domains\opencart.loc\catalog\view\theme\apple\template\common\header.tpl on line 96
2024-05-28 18:10:55 - PHP Notice:  Undefined variable: logo in C:\OSPanel\domains\opencart.loc\catalog\view\theme\apple\template\common\footer.tpl on line 54
2024-05-28 18:10:55 - PHP Notice:  Undefined variable: text_information in C:\OSPanel\domains\opencart.loc\catalog\view\theme\apple\template\common\header.tpl on line 92
2024-05-28 18:10:55 - PHP Notice:  Undefined variable: informations in C:\OSPanel\domains\opencart.loc\catalog\view\theme\apple\template\common\header.tpl on line 96
2024-05-28 18:11:59 - PHP Notice:  Undefined variable: logo in C:\OSPanel\domains\opencart.loc\catalog\view\theme\apple\template\common\footer.tpl on line 54
2024-05-28 18:11:59 - PHP Notice:  Undefined variable: text_information in C:\OSPanel\domains\opencart.loc\catalog\view\theme\apple\template\common\header.tpl on line 92
2024-05-28 18:11:59 - PHP Notice:  Undefined variable: informations in C:\OSPanel\domains\opencart.loc\catalog\view\theme\apple\template\common\header.tpl on line 96
2024-05-28 18:14:21 - PHP Notice:  Undefined variable: logo in C:\OSPanel\domains\opencart.loc\catalog\view\theme\apple\template\common\footer.tpl on line 54
2024-05-28 18:14:21 - PHP Notice:  Undefined variable: telephone in C:\OSPanel\domains\opencart.loc\catalog\view\theme\apple\template\common\footer.tpl on line 102
2024-05-28 18:14:21 - PHP Notice:  Undefined variable: text_information in C:\OSPanel\domains\opencart.loc\catalog\view\theme\apple\template\common\header.tpl on line 92
2024-05-28 18:14:21 - PHP Notice:  Undefined variable: informations in C:\OSPanel\domains\opencart.loc\catalog\view\theme\apple\template\common\header.tpl on line 96
2024-05-28 18:15:09 - PHP Notice:  Undefined variable: logo in C:\OSPanel\domains\opencart.loc\catalog\view\theme\apple\template\common\footer.tpl on line 54
2024-05-28 18:15:09 - PHP Notice:  Undefined variable: telephone in C:\OSPanel\domains\opencart.loc\catalog\view\theme\apple\template\common\footer.tpl on line 101
2024-05-28 18:15:09 - PHP Notice:  Undefined variable: text_information in C:\OSPanel\domains\opencart.loc\catalog\view\theme\apple\template\common\header.tpl on line 92
2024-05-28 18:15:09 - PHP Notice:  Undefined variable: informations in C:\OSPanel\domains\opencart.loc\catalog\view\theme\apple\template\common\header.tpl on line 96
2024-05-28 18:30:38 - PHP Notice:  Undefined variable: server in C:\OSPanel\domains\opencart.loc\system\storage\modification\catalog\controller\common\footer.php on line 6
2024-05-28 18:30:38 - PHP Notice:  Undefined variable: home in C:\OSPanel\domains\opencart.loc\catalog\view\theme\apple\template\common\footer.tpl on line 55
2024-05-28 18:30:38 - PHP Notice:  Undefined variable: name in C:\OSPanel\domains\opencart.loc\catalog\view\theme\apple\template\common\footer.tpl on line 56
2024-05-28 18:33:13 - PHP Notice:  Undefined variable: home in C:\OSPanel\domains\opencart.loc\catalog\view\theme\apple\template\common\footer.tpl on line 55
2024-05-28 18:33:13 - PHP Notice:  Undefined variable: name in C:\OSPanel\domains\opencart.loc\catalog\view\theme\apple\template\common\footer.tpl on line 56
2024-05-28 18:38:27 - PHP Notice:  Undefined variable: home in C:\OSPanel\domains\opencart.loc\catalog\view\theme\apple\template\common\footer.tpl on line 55
2024-05-28 18:38:29 - PHP Notice:  Undefined variable: home in C:\OSPanel\domains\opencart.loc\catalog\view\theme\apple\template\common\footer.tpl on line 55
2024-05-28 18:39:29 - PHP Notice:  Undefined variable: home in C:\OSPanel\domains\opencart.loc\catalog\view\theme\apple\template\common\footer.tpl on line 55
2024-05-28 18:39:30 - PHP Notice:  Undefined variable: home in C:\OSPanel\domains\opencart.loc\catalog\view\theme\apple\template\common\footer.tpl on line 55
2024-06-01 15:13:57 - PHP Notice:  Undefined variable: email in C:\OSPanel\domains\opencart.loc\catalog\view\theme\apple\template\common\footer.tpl on line 123
2024-06-01 15:13:57 - PHP Notice:  Undefined variable: email in C:\OSPanel\domains\opencart.loc\catalog\view\theme\apple\template\common\footer.tpl on line 123
2024-06-01 15:14:00 - PHP Notice:  Undefined variable: email in C:\OSPanel\domains\opencart.loc\catalog\view\theme\apple\template\common\footer.tpl on line 123
2024-06-01 15:14:12 - PHP Notice:  Undefined variable: email in C:\OSPanel\domains\opencart.loc\catalog\view\theme\apple\template\common\footer.tpl on line 123
2024-06-01 15:14:36 - PHP Notice:  Undefined variable: email in C:\OSPanel\domains\opencart.loc\catalog\view\theme\apple\template\common\footer.tpl on line 123
2024-06-01 15:25:25 - PHP Notice:  Undefined variable: email in C:\OSPanel\domains\opencart.loc\catalog\view\theme\apple\template\common\footer.tpl on line 123
2024-06-01 15:26:47 - PHP Notice:  Undefined variable: email in C:\OSPanel\domains\opencart.loc\catalog\view\theme\apple\template\common\footer.tpl on line 123
2024-06-01 15:26:47 - PHP Notice:  Undefined variable: email in C:\OSPanel\domains\opencart.loc\catalog\view\theme\apple\template\common\footer.tpl on line 123
2024-06-01 15:26:51 - PHP Notice:  Undefined variable: email in C:\OSPanel\domains\opencart.loc\catalog\view\theme\apple\template\common\footer.tpl on line 123
2024-06-01 15:26:51 - PHP Notice:  Undefined variable: email in C:\OSPanel\domains\opencart.loc\catalog\view\theme\apple\template\common\footer.tpl on line 123
2024-06-01 15:31:07 - PHP Notice:  Undefined variable: email in C:\OSPanel\domains\opencart.loc\catalog\view\theme\apple\template\common\footer.tpl on line 123
2024-06-01 15:31:07 - PHP Notice:  Undefined variable: email in C:\OSPanel\domains\opencart.loc\catalog\view\theme\apple\template\common\footer.tpl on line 123
2024-06-01 15:31:22 - PHP Notice:  Undefined variable: email in C:\OSPanel\domains\opencart.loc\catalog\view\theme\apple\template\common\footer.tpl on line 123
2024-06-01 15:31:22 - PHP Notice:  Undefined variable: email in C:\OSPanel\domains\opencart.loc\catalog\view\theme\apple\template\common\footer.tpl on line 123
2024-06-01 15:32:53 - PHP Notice:  Undefined variable: email in C:\OSPanel\domains\opencart.loc\catalog\view\theme\apple\template\common\footer.tpl on line 123
2024-06-01 15:32:53 - PHP Notice:  Undefined variable: email in C:\OSPanel\domains\opencart.loc\catalog\view\theme\apple\template\common\footer.tpl on line 123
2024-06-01 15:33:06 - PHP Notice:  Undefined variable: email in C:\OSPanel\domains\opencart.loc\catalog\view\theme\apple\template\common\footer.tpl on line 123
2024-06-01 15:33:06 - PHP Notice:  Undefined variable: email in C:\OSPanel\domains\opencart.loc\catalog\view\theme\apple\template\common\footer.tpl on line 123
2024-06-01 15:34:08 - PHP Notice:  Undefined variable: email in C:\OSPanel\domains\opencart.loc\catalog\view\theme\apple\template\common\footer.tpl on line 123
2024-06-01 15:34:09 - PHP Notice:  Undefined variable: email in C:\OSPanel\domains\opencart.loc\catalog\view\theme\apple\template\common\footer.tpl on line 123
2024-06-01 15:34:22 - PHP Notice:  Undefined variable: email in C:\OSPanel\domains\opencart.loc\catalog\view\theme\apple\template\common\footer.tpl on line 123
2024-06-01 15:34:22 - PHP Notice:  Undefined variable: email in C:\OSPanel\domains\opencart.loc\catalog\view\theme\apple\template\common\footer.tpl on line 123
2024-06-01 15:34:42 - PHP Notice:  Undefined variable: email in C:\OSPanel\domains\opencart.loc\catalog\view\theme\apple\template\common\footer.tpl on line 123
2024-06-01 15:34:42 - PHP Notice:  Undefined variable: email in C:\OSPanel\domains\opencart.loc\catalog\view\theme\apple\template\common\footer.tpl on line 123
2024-06-01 15:35:00 - PHP Notice:  Undefined variable: email in C:\OSPanel\domains\opencart.loc\catalog\view\theme\apple\template\common\footer.tpl on line 123
2024-06-01 15:35:01 - PHP Notice:  Undefined variable: email in C:\OSPanel\domains\opencart.loc\catalog\view\theme\apple\template\common\footer.tpl on line 123
2024-06-01 15:35:17 - PHP Notice:  Undefined variable: email in C:\OSPanel\domains\opencart.loc\catalog\view\theme\apple\template\common\footer.tpl on line 123
2024-06-01 15:38:22 - PHP Notice:  Undefined variable: email in C:\OSPanel\domains\opencart.loc\catalog\view\theme\apple\template\common\footer.tpl on line 123
2024-06-01 15:38:23 - PHP Notice:  Undefined variable: email in C:\OSPanel\domains\opencart.loc\catalog\view\theme\apple\template\common\footer.tpl on line 123
2024-06-01 15:38:25 - PHP Notice:  Undefined variable: email in C:\OSPanel\domains\opencart.loc\catalog\view\theme\apple\template\common\footer.tpl on line 123
2024-06-01 15:47:55 - PHP Notice:  Undefined variable: email in C:\OSPanel\domains\opencart.loc\catalog\view\theme\apple\template\common\footer.tpl on line 123
2024-06-01 15:49:31 - PHP Notice:  Undefined variable: email in C:\OSPanel\domains\opencart.loc\catalog\view\theme\apple\template\common\footer.tpl on line 123
2024-06-01 15:49:59 - PHP Notice:  Undefined variable: email in C:\OSPanel\domains\opencart.loc\catalog\view\theme\apple\template\common\footer.tpl on line 123
2024-06-01 15:50:07 - PHP Notice:  Undefined variable: email in C:\OSPanel\domains\opencart.loc\catalog\view\theme\apple\template\common\footer.tpl on line 123
2024-06-01 15:51:35 - PHP Notice:  Undefined variable: email in C:\OSPanel\domains\opencart.loc\catalog\view\theme\apple\template\common\footer.tpl on line 123
2024-06-01 15:51:37 - PHP Notice:  Undefined variable: email in C:\OSPanel\domains\opencart.loc\catalog\view\theme\apple\template\common\footer.tpl on line 123
2024-06-01 15:51:51 - PHP Notice:  Undefined variable: email in C:\OSPanel\domains\opencart.loc\catalog\view\theme\apple\template\common\footer.tpl on line 123
2024-06-01 15:59:19 - PHP Notice:  Undefined variable: email in C:\OSPanel\domains\opencart.loc\catalog\view\theme\apple\template\common\footer.tpl on line 123
2024-06-01 15:59:45 - PHP Notice:  Undefined variable: email in C:\OSPanel\domains\opencart.loc\catalog\view\theme\apple\template\common\footer.tpl on line 123
2024-06-01 16:00:10 - PHP Notice:  Undefined variable: email in C:\OSPanel\domains\opencart.loc\catalog\view\theme\apple\template\common\footer.tpl on line 123
2024-06-01 16:00:10 - PHP Notice:  Undefined variable: email in C:\OSPanel\domains\opencart.loc\catalog\view\theme\apple\template\common\footer.tpl on line 123
2024-06-01 16:00:16 - PHP Notice:  Undefined variable: email in C:\OSPanel\domains\opencart.loc\catalog\view\theme\apple\template\common\footer.tpl on line 123
2024-06-01 16:00:27 - PHP Notice:  Undefined variable: email in C:\OSPanel\domains\opencart.loc\catalog\view\theme\apple\template\common\footer.tpl on line 123
2024-06-01 16:00:27 - PHP Notice:  Undefined variable: email in C:\OSPanel\domains\opencart.loc\catalog\view\theme\apple\template\common\footer.tpl on line 123
2024-06-01 16:00:29 - PHP Notice:  Undefined variable: email in C:\OSPanel\domains\opencart.loc\catalog\view\theme\apple\template\common\footer.tpl on line 123
2024-06-01 16:01:47 - PHP Notice:  Undefined variable: email in C:\OSPanel\domains\opencart.loc\catalog\view\theme\apple\template\common\footer.tpl on line 123
2024-06-01 16:01:47 - PHP Notice:  Undefined variable: email in C:\OSPanel\domains\opencart.loc\catalog\view\theme\apple\template\common\footer.tpl on line 123
2024-06-01 16:02:37 - PHP Notice:  Undefined variable: email in C:\OSPanel\domains\opencart.loc\catalog\view\theme\apple\template\common\footer.tpl on line 123
2024-06-01 16:02:37 - PHP Notice:  Undefined variable: email in C:\OSPanel\domains\opencart.loc\catalog\view\theme\apple\template\common\footer.tpl on line 123
2024-06-01 16:02:44 - PHP Notice:  Undefined variable: email in C:\OSPanel\domains\opencart.loc\catalog\view\theme\apple\template\common\footer.tpl on line 123
2024-06-01 16:02:44 - PHP Notice:  Undefined variable: email in C:\OSPanel\domains\opencart.loc\catalog\view\theme\apple\template\common\footer.tpl on line 123
2024-06-01 16:02:47 - PHP Notice:  Undefined variable: email in C:\OSPanel\domains\opencart.loc\catalog\view\theme\apple\template\common\footer.tpl on line 123
2024-06-01 16:49:34 - PHP Notice:  Undefined variable: email in C:\OSPanel\domains\opencart.loc\catalog\view\theme\apple\template\common\footer.tpl on line 123
2024-06-01 16:49:34 - PHP Notice:  Undefined variable: email in C:\OSPanel\domains\opencart.loc\catalog\view\theme\apple\template\common\footer.tpl on line 123
2024-06-02 14:37:44 - PHP Notice:  Undefined variable: email in C:\OSPanel\domains\opencart.loc\catalog\view\theme\apple\template\common\footer.tpl on line 123
2024-06-02 14:37:49 - PHP Notice:  Undefined variable: email in C:\OSPanel\domains\opencart.loc\catalog\view\theme\apple\template\common\footer.tpl on line 123
2024-06-02 14:39:05 - PHP Notice:  Undefined variable: email in C:\OSPanel\domains\opencart.loc\catalog\view\theme\apple\template\common\footer.tpl on line 123
2024-06-02 14:40:37 - PHP Notice:  Undefined variable: email in C:\OSPanel\domains\opencart.loc\catalog\view\theme\apple\template\common\footer.tpl on line 123
2024-06-02 14:41:03 - PHP Notice:  Undefined variable: email in C:\OSPanel\domains\opencart.loc\catalog\view\theme\apple\template\common\footer.tpl on line 123
2024-06-02 14:41:45 - PHP Notice:  Undefined variable: email in C:\OSPanel\domains\opencart.loc\catalog\view\theme\apple\template\common\footer.tpl on line 123
2024-06-02 14:42:10 - PHP Notice:  Undefined variable: email in C:\OSPanel\domains\opencart.loc\catalog\view\theme\apple\template\common\footer.tpl on line 123
2024-06-02 14:42:18 - PHP Notice:  Undefined variable: email in C:\OSPanel\domains\opencart.loc\catalog\view\theme\apple\template\common\footer.tpl on line 123
2024-06-02 14:42:38 - PHP Notice:  Undefined variable: email in C:\OSPanel\domains\opencart.loc\catalog\view\theme\apple\template\common\footer.tpl on line 123
2024-06-02 14:43:21 - PHP Notice:  Undefined variable: email in C:\OSPanel\domains\opencart.loc\catalog\view\theme\apple\template\common\footer.tpl on line 123
2024-06-02 14:43:52 - PHP Notice:  Undefined variable: email in C:\OSPanel\domains\opencart.loc\catalog\view\theme\apple\template\common\footer.tpl on line 123
2024-06-02 14:43:55 - PHP Notice:  Undefined variable: email in C:\OSPanel\domains\opencart.loc\catalog\view\theme\apple\template\common\footer.tpl on line 123
2024-06-02 14:44:15 - PHP Notice:  Undefined variable: email in C:\OSPanel\domains\opencart.loc\catalog\view\theme\apple\template\common\footer.tpl on line 123
2024-06-02 14:45:11 - PHP Notice:  Undefined variable: email in C:\OSPanel\domains\opencart.loc\catalog\view\theme\apple\template\common\footer.tpl on line 77
2024-06-02 14:46:18 - PHP Notice:  Undefined variable: email in C:\OSPanel\domains\opencart.loc\catalog\view\theme\apple\template\common\footer.tpl on line 77
2024-06-02 14:46:18 - PHP Notice:  Undefined variable: email in C:\OSPanel\domains\opencart.loc\catalog\view\theme\apple\template\common\footer.tpl on line 77
2024-06-02 14:46:19 - PHP Notice:  Undefined variable: email in C:\OSPanel\domains\opencart.loc\catalog\view\theme\apple\template\common\footer.tpl on line 77
2024-06-02 14:46:19 - PHP Notice:  Undefined variable: email in C:\OSPanel\domains\opencart.loc\catalog\view\theme\apple\template\common\footer.tpl on line 77
2024-06-02 14:46:20 - PHP Notice:  Undefined variable: email in C:\OSPanel\domains\opencart.loc\catalog\view\theme\apple\template\common\footer.tpl on line 77
2024-06-02 14:46:23 - PHP Notice:  Undefined variable: email in C:\OSPanel\domains\opencart.loc\catalog\view\theme\apple\template\common\footer.tpl on line 77
2024-06-02 14:46:24 - PHP Notice:  Undefined variable: email in C:\OSPanel\domains\opencart.loc\catalog\view\theme\apple\template\common\footer.tpl on line 77
2024-06-02 14:47:36 - PHP Notice:  Undefined variable: email in C:\OSPanel\domains\opencart.loc\catalog\view\theme\apple\template\common\footer.tpl on line 77
2024-06-02 14:47:43 - PHP Notice:  Undefined variable: email in C:\OSPanel\domains\opencart.loc\catalog\view\theme\apple\template\common\footer.tpl on line 77
2024-06-02 14:47:51 - PHP Notice:  Undefined variable: email in C:\OSPanel\domains\opencart.loc\catalog\view\theme\apple\template\common\footer.tpl on line 77
2024-06-02 14:48:57 - PHP Notice:  Undefined variable: email in C:\OSPanel\domains\opencart.loc\catalog\view\theme\apple\template\common\footer.tpl on line 77
2024-06-02 14:54:08 - PHP Notice:  Undefined variable: email in C:\OSPanel\domains\opencart.loc\catalog\view\theme\apple\template\common\footer.tpl on line 77
2024-06-02 14:54:09 - PHP Notice:  Undefined variable: email in C:\OSPanel\domains\opencart.loc\catalog\view\theme\apple\template\common\footer.tpl on line 77
2024-06-02 14:55:48 - PHP Notice:  Undefined variable: email in C:\OSPanel\domains\opencart.loc\catalog\view\theme\apple\template\common\footer.tpl on line 77
2024-06-02 14:55:49 - PHP Notice:  Undefined variable: email in C:\OSPanel\domains\opencart.loc\catalog\view\theme\apple\template\common\footer.tpl on line 77
2024-06-02 14:55:54 - PHP Notice:  Undefined variable: email in C:\OSPanel\domains\opencart.loc\catalog\view\theme\apple\template\common\footer.tpl on line 77
2024-06-02 14:59:07 - PHP Notice:  Undefined variable: email in C:\OSPanel\domains\opencart.loc\catalog\view\theme\apple\template\common\footer.tpl on line 77
2024-06-02 15:00:42 - PHP Notice:  Undefined variable: email in C:\OSPanel\domains\opencart.loc\catalog\view\theme\apple\template\common\footer.tpl on line 77
2024-06-02 15:00:44 - PHP Notice:  Undefined variable: email in C:\OSPanel\domains\opencart.loc\catalog\view\theme\apple\template\common\footer.tpl on line 77
2024-06-03 20:22:50 - PHP Notice:  Undefined variable: email in C:\OSPanel\domains\opencart.loc\catalog\view\theme\apple\template\common\footer.tpl on line 77
2024-06-03 20:22:57 - PHP Notice:  Undefined variable: email in C:\OSPanel\domains\opencart.loc\catalog\view\theme\apple\template\common\footer.tpl on line 77
2024-06-03 20:23:52 - PHP Notice:  Undefined variable: email in C:\OSPanel\domains\opencart.loc\catalog\view\theme\apple\template\common\footer.tpl on line 77
2024-06-03 20:24:27 - PHP Notice:  Undefined variable: email in C:\OSPanel\domains\opencart.loc\catalog\view\theme\apple\template\common\footer.tpl on line 77
2024-06-03 20:24:28 - PHP Notice:  Undefined variable: email in C:\OSPanel\domains\opencart.loc\catalog\view\theme\apple\template\common\footer.tpl on line 77
2024-06-03 20:24:29 - PHP Notice:  Undefined variable: email in C:\OSPanel\domains\opencart.loc\catalog\view\theme\apple\template\common\footer.tpl on line 77
2024-06-03 20:24:30 - PHP Notice:  Undefined variable: email in C:\OSPanel\domains\opencart.loc\catalog\view\theme\apple\template\common\footer.tpl on line 77
2024-06-03 20:24:32 - PHP Notice:  Undefined variable: email in C:\OSPanel\domains\opencart.loc\catalog\view\theme\apple\template\common\footer.tpl on line 77
2024-06-03 20:24:33 - PHP Notice:  Undefined variable: email in C:\OSPanel\domains\opencart.loc\catalog\view\theme\apple\template\common\footer.tpl on line 77
2024-06-03 20:24:35 - PHP Notice:  Undefined variable: email in C:\OSPanel\domains\opencart.loc\catalog\view\theme\apple\template\common\footer.tpl on line 77
2024-06-03 20:24:39 - PHP Notice:  Undefined variable: email in C:\OSPanel\domains\opencart.loc\catalog\view\theme\apple\template\common\footer.tpl on line 77
2024-06-03 20:24:41 - PHP Notice:  Undefined variable: email in C:\OSPanel\domains\opencart.loc\catalog\view\theme\apple\template\common\footer.tpl on line 77
2024-06-03 20:24:41 - PHP Notice:  Undefined variable: email in C:\OSPanel\domains\opencart.loc\catalog\view\theme\apple\template\common\footer.tpl on line 77
2024-06-03 20:24:49 - PHP Notice:  Undefined variable: email in C:\OSPanel\domains\opencart.loc\catalog\view\theme\apple\template\common\footer.tpl on line 77
2024-06-05 14:48:31 - PHP Notice:  Undefined variable: email in C:\OSPanel\domains\opencart.loc\catalog\view\theme\apple\template\common\footer.tpl on line 77
2024-06-05 15:06:12 - PHP Notice:  Undefined variable: email in C:\OSPanel\domains\opencart.loc\catalog\view\theme\apple\template\common\footer.tpl on line 77
2024-06-05 15:06:24 - PHP Notice:  Undefined variable: email in C:\OSPanel\domains\opencart.loc\catalog\view\theme\apple\template\common\footer.tpl on line 77
2024-06-05 15:15:28 - PHP Notice:  Undefined variable: email in C:\OSPanel\domains\opencart.loc\catalog\view\theme\apple\template\common\footer.tpl on line 77
2024-06-05 15:15:40 - PHP Notice:  Undefined variable: email in C:\OSPanel\domains\opencart.loc\catalog\view\theme\apple\template\common\footer.tpl on line 77
2024-06-05 15:16:26 - PHP Notice:  Undefined variable: email in C:\OSPanel\domains\opencart.loc\catalog\view\theme\apple\template\common\footer.tpl on line 77
2024-06-05 15:16:58 - PHP Notice:  Undefined variable: email in C:\OSPanel\domains\opencart.loc\catalog\view\theme\apple\template\common\footer.tpl on line 77
2024-06-05 15:17:12 - PHP Notice:  Undefined variable: email in C:\OSPanel\domains\opencart.loc\catalog\view\theme\apple\template\common\footer.tpl on line 77
2024-06-05 15:19:03 - PHP Notice:  Undefined variable: email in C:\OSPanel\domains\opencart.loc\catalog\view\theme\apple\template\common\footer.tpl on line 77
2024-06-05 15:19:14 - PHP Notice:  Undefined variable: email in C:\OSPanel\domains\opencart.loc\catalog\view\theme\apple\template\common\footer.tpl on line 77
2024-06-05 15:19:54 - PHP Notice:  Undefined variable: email in C:\OSPanel\domains\opencart.loc\catalog\view\theme\apple\template\common\footer.tpl on line 77
2024-06-05 15:20:27 - PHP Notice:  Undefined variable: email in C:\OSPanel\domains\opencart.loc\catalog\view\theme\apple\template\common\footer.tpl on line 77
2024-06-05 15:20:34 - PHP Notice:  Undefined variable: email in C:\OSPanel\domains\opencart.loc\catalog\view\theme\apple\template\common\footer.tpl on line 77
2024-06-05 15:22:42 - PHP Notice:  Undefined variable: email in C:\OSPanel\domains\opencart.loc\catalog\view\theme\apple\template\common\footer.tpl on line 77
2024-06-05 15:23:06 - PHP Notice:  Undefined variable: email in C:\OSPanel\domains\opencart.loc\catalog\view\theme\apple\template\common\footer.tpl on line 77
2024-06-05 15:24:34 - PHP Notice:  Undefined variable: email in C:\OSPanel\domains\opencart.loc\catalog\view\theme\apple\template\common\footer.tpl on line 77
2024-06-05 15:26:32 - PHP Notice:  Undefined variable: email in C:\OSPanel\domains\opencart.loc\catalog\view\theme\apple\template\common\footer.tpl on line 77
2024-06-05 15:27:56 - PHP Notice:  Undefined variable: email in C:\OSPanel\domains\opencart.loc\catalog\view\theme\apple\template\common\footer.tpl on line 77
2024-06-05 15:28:42 - PHP Notice:  Undefined variable: email in C:\OSPanel\domains\opencart.loc\catalog\view\theme\apple\template\common\footer.tpl on line 77
2024-06-05 15:28:57 - PHP Notice:  Undefined variable: email in C:\OSPanel\domains\opencart.loc\catalog\view\theme\apple\template\common\footer.tpl on line 77
2024-06-05 15:29:03 - PHP Notice:  Undefined variable: email in C:\OSPanel\domains\opencart.loc\catalog\view\theme\apple\template\common\footer.tpl on line 77
2024-06-05 15:29:11 - PHP Notice:  Undefined variable: email in C:\OSPanel\domains\opencart.loc\catalog\view\theme\apple\template\common\footer.tpl on line 77
2024-06-05 15:29:34 - PHP Notice:  Undefined variable: email in C:\OSPanel\domains\opencart.loc\catalog\view\theme\apple\template\common\footer.tpl on line 77
2024-06-05 15:29:41 - PHP Notice:  Undefined variable: email in C:\OSPanel\domains\opencart.loc\catalog\view\theme\apple\template\common\footer.tpl on line 77
2024-06-05 15:29:50 - PHP Notice:  Undefined variable: email in C:\OSPanel\domains\opencart.loc\catalog\view\theme\apple\template\common\footer.tpl on line 77
2024-06-05 15:29:58 - PHP Notice:  Undefined variable: email in C:\OSPanel\domains\opencart.loc\catalog\view\theme\apple\template\common\footer.tpl on line 77
2024-06-05 15:30:28 - PHP Notice:  Undefined variable: email in C:\OSPanel\domains\opencart.loc\catalog\view\theme\apple\template\common\footer.tpl on line 77
2024-06-05 15:30:28 - PHP Notice:  Undefined variable: meta_title in C:\OSPanel\domains\opencart.loc\catalog\view\theme\apple\template\product\category.tpl on line 17
2024-06-05 15:31:05 - PHP Notice:  Undefined variable: email in C:\OSPanel\domains\opencart.loc\catalog\view\theme\apple\template\common\footer.tpl on line 77
2024-06-05 15:32:17 - PHP Notice:  Undefined variable: email in C:\OSPanel\domains\opencart.loc\catalog\view\theme\apple\template\common\footer.tpl on line 77
2024-06-05 15:32:22 - PHP Notice:  Undefined variable: email in C:\OSPanel\domains\opencart.loc\catalog\view\theme\apple\template\common\footer.tpl on line 77
2024-06-05 15:32:24 - PHP Notice:  Undefined variable: email in C:\OSPanel\domains\opencart.loc\catalog\view\theme\apple\template\common\footer.tpl on line 77
2024-06-05 15:32:25 - PHP Notice:  Undefined variable: email in C:\OSPanel\domains\opencart.loc\catalog\view\theme\apple\template\common\footer.tpl on line 77
2024-06-05 15:32:25 - PHP Notice:  Undefined variable: email in C:\OSPanel\domains\opencart.loc\catalog\view\theme\apple\template\common\footer.tpl on line 77
2024-06-05 15:32:54 - PHP Notice:  Undefined variable: email in C:\OSPanel\domains\opencart.loc\catalog\view\theme\apple\template\common\footer.tpl on line 77
2024-06-05 15:34:03 - PHP Notice:  Undefined variable: email in C:\OSPanel\domains\opencart.loc\catalog\view\theme\apple\template\common\footer.tpl on line 77
2024-06-05 15:34:06 - PHP Notice:  Undefined variable: email in C:\OSPanel\domains\opencart.loc\catalog\view\theme\apple\template\common\footer.tpl on line 77
2024-06-05 15:36:18 - PHP Notice:  Undefined variable: email in C:\OSPanel\domains\opencart.loc\catalog\view\theme\apple\template\common\footer.tpl on line 77
2024-06-05 15:36:38 - PHP Notice:  Undefined variable: email in C:\OSPanel\domains\opencart.loc\catalog\view\theme\apple\template\common\footer.tpl on line 77
2024-06-05 15:36:51 - PHP Notice:  Undefined variable: email in C:\OSPanel\domains\opencart.loc\catalog\view\theme\apple\template\common\footer.tpl on line 77
2024-06-05 15:36:56 - PHP Notice:  Undefined variable: email in C:\OSPanel\domains\opencart.loc\catalog\view\theme\apple\template\common\footer.tpl on line 77
2024-06-05 15:36:59 - PHP Notice:  Undefined variable: email in C:\OSPanel\domains\opencart.loc\catalog\view\theme\apple\template\common\footer.tpl on line 77
2024-06-05 15:37:18 - PHP Notice:  Undefined variable: email in C:\OSPanel\domains\opencart.loc\catalog\view\theme\apple\template\common\footer.tpl on line 77
2024-06-05 15:37:54 - PHP Notice:  Undefined variable: email in C:\OSPanel\domains\opencart.loc\catalog\view\theme\apple\template\common\footer.tpl on line 77
2024-06-05 15:38:15 - PHP Notice:  Undefined variable: email in C:\OSPanel\domains\opencart.loc\catalog\view\theme\apple\template\common\footer.tpl on line 77
2024-06-05 15:38:15 - PHP Notice:  Undefined variable: meta_title in C:\OSPanel\domains\opencart.loc\catalog\view\theme\apple\template\product\category.tpl on line 17
2024-06-05 15:38:19 - PHP Notice:  Undefined variable: email in C:\OSPanel\domains\opencart.loc\catalog\view\theme\apple\template\common\footer.tpl on line 77
2024-06-05 15:38:19 - PHP Notice:  Undefined variable: meta_title in C:\OSPanel\domains\opencart.loc\catalog\view\theme\apple\template\product\category.tpl on line 17
2024-06-05 15:38:22 - PHP Notice:  Undefined variable: email in C:\OSPanel\domains\opencart.loc\catalog\view\theme\apple\template\common\footer.tpl on line 77
2024-06-05 15:38:22 - PHP Notice:  Undefined variable: meta_title in C:\OSPanel\domains\opencart.loc\catalog\view\theme\apple\template\product\category.tpl on line 17
2024-06-05 15:38:23 - PHP Notice:  Undefined variable: email in C:\OSPanel\domains\opencart.loc\catalog\view\theme\apple\template\common\footer.tpl on line 77
2024-06-05 15:38:23 - PHP Notice:  Undefined variable: meta_title in C:\OSPanel\domains\opencart.loc\catalog\view\theme\apple\template\product\category.tpl on line 17
2024-06-05 15:38:24 - PHP Notice:  Undefined variable: email in C:\OSPanel\domains\opencart.loc\catalog\view\theme\apple\template\common\footer.tpl on line 77
2024-06-05 15:38:24 - PHP Notice:  Undefined variable: meta_title in C:\OSPanel\domains\opencart.loc\catalog\view\theme\apple\template\product\category.tpl on line 17
2024-06-05 15:38:24 - PHP Notice:  Undefined variable: email in C:\OSPanel\domains\opencart.loc\catalog\view\theme\apple\template\common\footer.tpl on line 77
2024-06-05 15:38:24 - PHP Notice:  Undefined variable: meta_title in C:\OSPanel\domains\opencart.loc\catalog\view\theme\apple\template\product\category.tpl on line 17
2024-06-05 15:38:25 - PHP Notice:  Undefined variable: email in C:\OSPanel\domains\opencart.loc\catalog\view\theme\apple\template\common\footer.tpl on line 77
2024-06-05 15:38:25 - PHP Notice:  Undefined variable: meta_title in C:\OSPanel\domains\opencart.loc\catalog\view\theme\apple\template\product\category.tpl on line 17
2024-06-05 15:38:26 - PHP Notice:  Undefined variable: email in C:\OSPanel\domains\opencart.loc\catalog\view\theme\apple\template\common\footer.tpl on line 77
2024-06-05 15:38:26 - PHP Notice:  Undefined variable: meta_title in C:\OSPanel\domains\opencart.loc\catalog\view\theme\apple\template\product\category.tpl on line 17
2024-06-05 15:38:26 - PHP Notice:  Undefined variable: email in C:\OSPanel\domains\opencart.loc\catalog\view\theme\apple\template\common\footer.tpl on line 77
2024-06-05 15:38:26 - PHP Notice:  Undefined variable: meta_title in C:\OSPanel\domains\opencart.loc\catalog\view\theme\apple\template\product\category.tpl on line 17
2024-06-05 15:38:27 - PHP Notice:  Undefined variable: email in C:\OSPanel\domains\opencart.loc\catalog\view\theme\apple\template\common\footer.tpl on line 77
2024-06-05 15:38:27 - PHP Notice:  Undefined variable: meta_title in C:\OSPanel\domains\opencart.loc\catalog\view\theme\apple\template\product\category.tpl on line 17
2024-06-05 15:53:09 - PHP Notice:  Undefined variable: email in C:\OSPanel\domains\opencart.loc\catalog\view\theme\apple\template\common\footer.tpl on line 77
2024-06-05 15:53:41 - PHP Notice:  Undefined variable: email in C:\OSPanel\domains\opencart.loc\catalog\view\theme\apple\template\common\footer.tpl on line 77
2024-06-05 15:53:44 - PHP Notice:  Undefined variable: email in C:\OSPanel\domains\opencart.loc\catalog\view\theme\apple\template\common\footer.tpl on line 77
2024-06-05 15:53:44 - PHP Notice:  Undefined variable: email in C:\OSPanel\domains\opencart.loc\catalog\view\theme\apple\template\common\footer.tpl on line 77
2024-06-05 15:57:26 - PHP Notice:  Undefined variable: email in C:\OSPanel\domains\opencart.loc\catalog\view\theme\apple\template\common\footer.tpl on line 77
2024-06-05 15:57:40 - PHP Notice:  Undefined variable: email in C:\OSPanel\domains\opencart.loc\catalog\view\theme\apple\template\common\footer.tpl on line 77
2024-06-05 15:57:41 - PHP Notice:  Undefined variable: email in C:\OSPanel\domains\opencart.loc\catalog\view\theme\apple\template\common\footer.tpl on line 77
2024-06-05 15:57:42 - PHP Notice:  Undefined variable: email in C:\OSPanel\domains\opencart.loc\catalog\view\theme\apple\template\common\footer.tpl on line 77
2024-06-05 15:57:42 - PHP Notice:  Undefined variable: email in C:\OSPanel\domains\opencart.loc\catalog\view\theme\apple\template\common\footer.tpl on line 77
2024-06-05 15:57:43 - PHP Notice:  Undefined variable: email in C:\OSPanel\domains\opencart.loc\catalog\view\theme\apple\template\common\footer.tpl on line 77
2024-06-05 15:57:44 - PHP Notice:  Undefined variable: email in C:\OSPanel\domains\opencart.loc\catalog\view\theme\apple\template\common\footer.tpl on line 77
2024-06-05 15:57:45 - PHP Notice:  Undefined variable: email in C:\OSPanel\domains\opencart.loc\catalog\view\theme\apple\template\common\footer.tpl on line 77
2024-06-05 16:03:09 - PHP Notice:  Undefined variable: email in C:\OSPanel\domains\opencart.loc\catalog\view\theme\apple\template\common\footer.tpl on line 77
2024-06-05 16:03:09 - PHP Notice:  Undefined variable: meta_title in C:\OSPanel\domains\opencart.loc\catalog\view\theme\apple\template\product\category.tpl on line 17
2024-06-05 16:03:11 - PHP Notice:  Undefined variable: email in C:\OSPanel\domains\opencart.loc\catalog\view\theme\apple\template\common\footer.tpl on line 77
2024-06-05 16:03:11 - PHP Notice:  Undefined variable: meta_title in C:\OSPanel\domains\opencart.loc\catalog\view\theme\apple\template\product\category.tpl on line 17
2024-06-05 16:03:46 - PHP Notice:  Undefined variable: email in C:\OSPanel\domains\opencart.loc\catalog\view\theme\apple\template\common\footer.tpl on line 77
2024-06-05 16:03:46 - PHP Notice:  Undefined variable: meta_title in C:\OSPanel\domains\opencart.loc\catalog\view\theme\apple\template\product\category.tpl on line 17
2024-06-05 16:03:49 - PHP Notice:  Undefined variable: email in C:\OSPanel\domains\opencart.loc\catalog\view\theme\apple\template\common\footer.tpl on line 77
2024-06-05 16:03:49 - PHP Notice:  Undefined variable: meta_title in C:\OSPanel\domains\opencart.loc\catalog\view\theme\apple\template\product\category.tpl on line 17
2024-06-05 16:03:51 - PHP Notice:  Undefined variable: email in C:\OSPanel\domains\opencart.loc\catalog\view\theme\apple\template\common\footer.tpl on line 77
2024-06-05 16:03:51 - PHP Notice:  Undefined variable: meta_title in C:\OSPanel\domains\opencart.loc\catalog\view\theme\apple\template\product\category.tpl on line 17
2024-06-05 16:04:40 - PHP Notice:  Undefined variable: email in C:\OSPanel\domains\opencart.loc\catalog\view\theme\apple\template\common\footer.tpl on line 77
2024-06-05 16:04:44 - PHP Notice:  Undefined variable: email in C:\OSPanel\domains\opencart.loc\catalog\view\theme\apple\template\common\footer.tpl on line 77
2024-06-05 16:05:00 - PHP Notice:  Undefined variable: email in C:\OSPanel\domains\opencart.loc\catalog\view\theme\apple\template\common\footer.tpl on line 77
2024-06-05 16:05:04 - PHP Notice:  Undefined variable: email in C:\OSPanel\domains\opencart.loc\catalog\view\theme\apple\template\common\footer.tpl on line 77
2024-06-05 16:05:06 - PHP Notice:  Undefined variable: email in C:\OSPanel\domains\opencart.loc\catalog\view\theme\apple\template\common\footer.tpl on line 77
2024-06-05 16:05:06 - PHP Notice:  Undefined variable: email in C:\OSPanel\domains\opencart.loc\catalog\view\theme\apple\template\common\footer.tpl on line 77
2024-06-05 16:05:07 - PHP Notice:  Undefined variable: email in C:\OSPanel\domains\opencart.loc\catalog\view\theme\apple\template\common\footer.tpl on line 77
2024-06-05 16:05:07 - PHP Notice:  Undefined variable: email in C:\OSPanel\domains\opencart.loc\catalog\view\theme\apple\template\common\footer.tpl on line 77
2024-06-05 16:05:08 - PHP Notice:  Undefined variable: email in C:\OSPanel\domains\opencart.loc\catalog\view\theme\apple\template\common\footer.tpl on line 77
2024-06-05 16:05:09 - PHP Notice:  Undefined variable: email in C:\OSPanel\domains\opencart.loc\catalog\view\theme\apple\template\common\footer.tpl on line 77
2024-06-05 16:05:10 - PHP Notice:  Undefined variable: email in C:\OSPanel\domains\opencart.loc\catalog\view\theme\apple\template\common\footer.tpl on line 77
2024-06-05 16:05:10 - PHP Notice:  Undefined variable: email in C:\OSPanel\domains\opencart.loc\catalog\view\theme\apple\template\common\footer.tpl on line 77
2024-06-05 16:05:11 - PHP Notice:  Undefined variable: email in C:\OSPanel\domains\opencart.loc\catalog\view\theme\apple\template\common\footer.tpl on line 77
2024-06-05 16:05:13 - PHP Notice:  Undefined variable: email in C:\OSPanel\domains\opencart.loc\catalog\view\theme\apple\template\common\footer.tpl on line 77
2024-06-05 16:05:15 - PHP Notice:  Undefined variable: email in C:\OSPanel\domains\opencart.loc\catalog\view\theme\apple\template\common\footer.tpl on line 77
2024-06-05 16:05:16 - PHP Notice:  Undefined variable: email in C:\OSPanel\domains\opencart.loc\catalog\view\theme\apple\template\common\footer.tpl on line 77
2024-06-05 16:05:18 - PHP Notice:  Undefined variable: email in C:\OSPanel\domains\opencart.loc\catalog\view\theme\apple\template\common\footer.tpl on line 77
2024-06-05 16:05:20 - PHP Notice:  Undefined variable: email in C:\OSPanel\domains\opencart.loc\catalog\view\theme\apple\template\common\footer.tpl on line 77
2024-06-05 16:05:21 - PHP Notice:  Undefined variable: email in C:\OSPanel\domains\opencart.loc\catalog\view\theme\apple\template\common\footer.tpl on line 77
2024-06-05 16:05:22 - PHP Notice:  Undefined variable: email in C:\OSPanel\domains\opencart.loc\catalog\view\theme\apple\template\common\footer.tpl on line 77
2024-06-05 16:05:23 - PHP Notice:  Undefined variable: email in C:\OSPanel\domains\opencart.loc\catalog\view\theme\apple\template\common\footer.tpl on line 77
2024-06-05 16:05:23 - PHP Notice:  Undefined variable: email in C:\OSPanel\domains\opencart.loc\catalog\view\theme\apple\template\common\footer.tpl on line 77
2024-06-05 16:05:24 - PHP Notice:  Undefined variable: email in C:\OSPanel\domains\opencart.loc\catalog\view\theme\apple\template\common\footer.tpl on line 77
2024-06-05 16:07:10 - PHP Notice:  Undefined variable: email in C:\OSPanel\domains\opencart.loc\catalog\view\theme\apple\template\common\footer.tpl on line 77
2024-06-05 16:07:12 - PHP Notice:  Undefined variable: email in C:\OSPanel\domains\opencart.loc\catalog\view\theme\apple\template\common\footer.tpl on line 77
2024-06-05 16:07:13 - PHP Notice:  Undefined variable: email in C:\OSPanel\domains\opencart.loc\catalog\view\theme\apple\template\common\footer.tpl on line 77
2024-06-05 16:07:14 - PHP Notice:  Undefined variable: email in C:\OSPanel\domains\opencart.loc\catalog\view\theme\apple\template\common\footer.tpl on line 77
2024-06-05 16:07:15 - PHP Notice:  Undefined variable: email in C:\OSPanel\domains\opencart.loc\catalog\view\theme\apple\template\common\footer.tpl on line 77
2024-06-05 16:07:15 - PHP Notice:  Undefined variable: email in C:\OSPanel\domains\opencart.loc\catalog\view\theme\apple\template\common\footer.tpl on line 77
2024-06-05 16:07:16 - PHP Notice:  Undefined variable: email in C:\OSPanel\domains\opencart.loc\catalog\view\theme\apple\template\common\footer.tpl on line 77
2024-06-05 16:07:17 - PHP Notice:  Undefined variable: email in C:\OSPanel\domains\opencart.loc\catalog\view\theme\apple\template\common\footer.tpl on line 77
2024-06-05 16:07:17 - PHP Notice:  Undefined variable: email in C:\OSPanel\domains\opencart.loc\catalog\view\theme\apple\template\common\footer.tpl on line 77
2024-06-05 16:07:19 - PHP Notice:  Undefined variable: email in C:\OSPanel\domains\opencart.loc\catalog\view\theme\apple\template\common\footer.tpl on line 77
2024-06-05 16:07:20 - PHP Notice:  Undefined variable: email in C:\OSPanel\domains\opencart.loc\catalog\view\theme\apple\template\common\footer.tpl on line 77
2024-06-05 16:07:21 - PHP Notice:  Undefined variable: email in C:\OSPanel\domains\opencart.loc\catalog\view\theme\apple\template\common\footer.tpl on line 77
2024-06-05 16:07:21 - PHP Notice:  Undefined variable: email in C:\OSPanel\domains\opencart.loc\catalog\view\theme\apple\template\common\footer.tpl on line 77
2024-06-05 16:07:22 - PHP Notice:  Undefined variable: email in C:\OSPanel\domains\opencart.loc\catalog\view\theme\apple\template\common\footer.tpl on line 77
2024-06-05 16:07:23 - PHP Notice:  Undefined variable: email in C:\OSPanel\domains\opencart.loc\catalog\view\theme\apple\template\common\footer.tpl on line 77
2024-06-05 16:07:23 - PHP Notice:  Undefined variable: email in C:\OSPanel\domains\opencart.loc\catalog\view\theme\apple\template\common\footer.tpl on line 77
2024-06-05 16:07:24 - PHP Notice:  Undefined variable: email in C:\OSPanel\domains\opencart.loc\catalog\view\theme\apple\template\common\footer.tpl on line 77
2024-06-05 16:09:56 - PHP Notice:  Undefined variable: email in C:\OSPanel\domains\opencart.loc\catalog\view\theme\apple\template\common\footer.tpl on line 77
2024-06-05 16:09:59 - PHP Notice:  Undefined variable: email in C:\OSPanel\domains\opencart.loc\catalog\view\theme\apple\template\common\footer.tpl on line 77
2024-06-05 16:10:07 - PHP Notice:  Undefined variable: email in C:\OSPanel\domains\opencart.loc\catalog\view\theme\apple\template\common\footer.tpl on line 77
2024-06-05 16:10:10 - PHP Notice:  Undefined variable: email in C:\OSPanel\domains\opencart.loc\catalog\view\theme\apple\template\common\footer.tpl on line 77
2024-06-05 16:10:11 - PHP Notice:  Undefined variable: email in C:\OSPanel\domains\opencart.loc\catalog\view\theme\apple\template\common\footer.tpl on line 77
2024-06-05 16:10:17 - PHP Notice:  Undefined variable: email in C:\OSPanel\domains\opencart.loc\catalog\view\theme\apple\template\common\footer.tpl on line 77
2024-06-05 16:10:21 - PHP Notice:  Undefined variable: email in C:\OSPanel\domains\opencart.loc\catalog\view\theme\apple\template\common\footer.tpl on line 77
2024-06-05 16:10:30 - PHP Notice:  Undefined variable: email in C:\OSPanel\domains\opencart.loc\catalog\view\theme\apple\template\common\footer.tpl on line 77
2024-06-05 16:10:38 - PHP Notice:  Undefined variable: email in C:\OSPanel\domains\opencart.loc\catalog\view\theme\apple\template\common\footer.tpl on line 77
2024-06-05 16:10:40 - PHP Notice:  Undefined variable: email in C:\OSPanel\domains\opencart.loc\catalog\view\theme\apple\template\common\footer.tpl on line 77
2024-06-05 16:10:41 - PHP Notice:  Undefined variable: email in C:\OSPanel\domains\opencart.loc\catalog\view\theme\apple\template\common\footer.tpl on line 77
2024-06-05 16:10:43 - PHP Notice:  Undefined variable: email in C:\OSPanel\domains\opencart.loc\catalog\view\theme\apple\template\common\footer.tpl on line 77
2024-06-05 16:10:47 - PHP Notice:  Undefined variable: email in C:\OSPanel\domains\opencart.loc\catalog\view\theme\apple\template\common\footer.tpl on line 77
2024-06-05 16:12:09 - PHP Notice:  Undefined variable: email in C:\OSPanel\domains\opencart.loc\catalog\view\theme\apple\template\common\footer.tpl on line 77
2024-06-05 16:12:13 - PHP Notice:  Undefined variable: email in C:\OSPanel\domains\opencart.loc\catalog\view\theme\apple\template\common\footer.tpl on line 77
2024-06-05 16:12:16 - PHP Notice:  Undefined variable: email in C:\OSPanel\domains\opencart.loc\catalog\view\theme\apple\template\common\footer.tpl on line 77
2024-06-05 16:12:19 - PHP Notice:  Undefined variable: email in C:\OSPanel\domains\opencart.loc\catalog\view\theme\apple\template\common\footer.tpl on line 77
